
Type 'manage.py help <subcommand>' for help on a specific subcommand.

Available subcommands:

[auth]
    changepassword
    createsuperuser

[contenttypes]
    remove_stale_contenttypes

[django]
    check
    compilemessages
    createcachetable
    dbshell
    diffsettings
    dumpdata
    flush
    inspectdb
    loaddata
    makemessages
    makemigrations
    migrate
    sendtestemail
    shell
    showmigrations
    sqlflush
    sqlmigrate
    sqlsequencereset
    squashmigrations
    startapp
    startproject
    test
    testserver

[sessions]
    clearsessions

[staticfiles]
    collectstatic
    findstatic
    runserver
Watching for file changes with StatReloader
Not Found: /create
[28/Mar/2021 05:54:32] "POST /create HTTP/1.1" 404 2290
Not Found: /create
[28/Mar/2021 05:54:53] "POST /create HTTP/1.1" 404 2290
Bad Request: /api/create
[28/Mar/2021 05:56:12] "POST /api/create HTTP/1.1" 400 2
Traceback (most recent call last):
  File "/home/joe/anaconda3/envs/django/lib/python3.8/wsgiref/handlers.py", line 138, in run
    self.finish_response()
  File "/home/joe/anaconda3/envs/django/lib/python3.8/wsgiref/handlers.py", line 196, in finish_response
    self.close()
  File "/home/joe/anaconda3/envs/django/lib/python3.8/site-packages/django/core/servers/basehttp.py", line 114, in close
    super().close()
  File "/home/joe/anaconda3/envs/django/lib/python3.8/wsgiref/simple_server.py", line 38, in close
    SimpleHandler.close(self)
  File "/home/joe/anaconda3/envs/django/lib/python3.8/wsgiref/handlers.py", line 335, in close
    self.result.close()
  File "/home/joe/anaconda3/envs/django/lib/python3.8/site-packages/django/http/response.py", line 254, in close
    signals.request_finished.send(sender=self._handler_class)
  File "/home/joe/anaconda3/envs/django/lib/python3.8/site-packages/django/dispatch/dispatcher.py", line 173, in send
    return [
  File "/home/joe/anaconda3/envs/django/lib/python3.8/site-packages/django/dispatch/dispatcher.py", line 174, in <listcomp>
    (receiver, receiver(signal=self, sender=sender, **named))
  File "/home/joe/anaconda3/envs/django/lib/python3.8/site-packages/django/db/__init__.py", line 57, in close_old_connections
    conn.close_if_unusable_or_obsolete()
  File "/home/joe/anaconda3/envs/django/lib/python3.8/site-packages/django/db/backends/base/base.py", line 525, in close_if_unusable_or_obsolete
    self.close()
  File "/home/joe/anaconda3/envs/django/lib/python3.8/site-packages/django/utils/asyncio.py", line 26, in inner
    return func(*args, **kwargs)
  File "/home/joe/anaconda3/envs/django/lib/python3.8/site-packages/django/db/backends/sqlite3/base.py", line 261, in close
    if not self.is_in_memory_db():
  File "/home/joe/anaconda3/envs/django/lib/python3.8/site-packages/django/db/backends/sqlite3/base.py", line 380, in is_in_memory_db
    return self.creation.is_in_memory_db(self.settings_dict['NAME'])
  File "/home/joe/anaconda3/envs/django/lib/python3.8/site-packages/django/db/backends/sqlite3/creation.py", line 12, in is_in_memory_db
    return database_name == ':memory:' or 'mode=memory' in database_name
TypeError: argument of type 'PosixPath' is not iterable
[28/Mar/2021 05:56:12] "POST /api/create HTTP/1.1" 500 59
----------------------------------------
Exception happened during processing of request from ('127.0.0.1', 45218)
Traceback (most recent call last):
  File "/home/joe/anaconda3/envs/django/lib/python3.8/wsgiref/handlers.py", line 138, in run
    self.finish_response()
  File "/home/joe/anaconda3/envs/django/lib/python3.8/wsgiref/handlers.py", line 196, in finish_response
    self.close()
  File "/home/joe/anaconda3/envs/django/lib/python3.8/site-packages/django/core/servers/basehttp.py", line 114, in close
    super().close()
  File "/home/joe/anaconda3/envs/django/lib/python3.8/wsgiref/simple_server.py", line 38, in close
    SimpleHandler.close(self)
  File "/home/joe/anaconda3/envs/django/lib/python3.8/wsgiref/handlers.py", line 335, in close
    self.result.close()
  File "/home/joe/anaconda3/envs/django/lib/python3.8/site-packages/django/http/response.py", line 254, in close
    signals.request_finished.send(sender=self._handler_class)
  File "/home/joe/anaconda3/envs/django/lib/python3.8/site-packages/django/dispatch/dispatcher.py", line 173, in send
    return [
  File "/home/joe/anaconda3/envs/django/lib/python3.8/site-packages/django/dispatch/dispatcher.py", line 174, in <listcomp>
    (receiver, receiver(signal=self, sender=sender, **named))
  File "/home/joe/anaconda3/envs/django/lib/python3.8/site-packages/django/db/__init__.py", line 57, in close_old_connections
    conn.close_if_unusable_or_obsolete()
  File "/home/joe/anaconda3/envs/django/lib/python3.8/site-packages/django/db/backends/base/base.py", line 525, in close_if_unusable_or_obsolete
    self.close()
  File "/home/joe/anaconda3/envs/django/lib/python3.8/site-packages/django/utils/asyncio.py", line 26, in inner
    return func(*args, **kwargs)
  File "/home/joe/anaconda3/envs/django/lib/python3.8/site-packages/django/db/backends/sqlite3/base.py", line 261, in close
    if not self.is_in_memory_db():
  File "/home/joe/anaconda3/envs/django/lib/python3.8/site-packages/django/db/backends/sqlite3/base.py", line 380, in is_in_memory_db
    return self.creation.is_in_memory_db(self.settings_dict['NAME'])
  File "/home/joe/anaconda3/envs/django/lib/python3.8/site-packages/django/db/backends/sqlite3/creation.py", line 12, in is_in_memory_db
    return database_name == ':memory:' or 'mode=memory' in database_name
TypeError: argument of type 'PosixPath' is not iterable

During handling of the above exception, another exception occurred:

Traceback (most recent call last):
  File "/home/joe/anaconda3/envs/django/lib/python3.8/socketserver.py", line 650, in process_request_thread
    self.finish_request(request, client_address)
  File "/home/joe/anaconda3/envs/django/lib/python3.8/socketserver.py", line 360, in finish_request
    self.RequestHandlerClass(request, client_address, self)
  File "/home/joe/anaconda3/envs/django/lib/python3.8/socketserver.py", line 720, in __init__
    self.handle()
  File "/home/joe/anaconda3/envs/django/lib/python3.8/site-packages/django/core/servers/basehttp.py", line 172, in handle
    self.handle_one_request()
  File "/home/joe/anaconda3/envs/django/lib/python3.8/site-packages/django/core/servers/basehttp.py", line 197, in handle_one_request
    handler.run(self.server.get_app())
  File "/home/joe/anaconda3/envs/django/lib/python3.8/wsgiref/handlers.py", line 145, in run
    self.handle_error()
  File "/home/joe/anaconda3/envs/django/lib/python3.8/site-packages/django/core/servers/basehttp.py", line 119, in handle_error
    super().handle_error()
  File "/home/joe/anaconda3/envs/django/lib/python3.8/wsgiref/handlers.py", line 382, in handle_error
    self.finish_response()
  File "/home/joe/anaconda3/envs/django/lib/python3.8/wsgiref/handlers.py", line 184, in finish_response
    self.write(data)
  File "/home/joe/anaconda3/envs/django/lib/python3.8/wsgiref/handlers.py", line 288, in write
    self.send_headers()
  File "/home/joe/anaconda3/envs/django/lib/python3.8/wsgiref/handlers.py", line 345, in send_headers
    if not self.origin_server or self.client_is_modern():
  File "/home/joe/anaconda3/envs/django/lib/python3.8/wsgiref/handlers.py", line 358, in client_is_modern
    return self.environ['SERVER_PROTOCOL'].upper() != 'HTTP/0.9'
TypeError: 'NoneType' object is not subscriptable
----------------------------------------
Bad Request: /api/create
[28/Mar/2021 05:57:00] "POST /api/create HTTP/1.1" 400 2
Traceback (most recent call last):
  File "/home/joe/anaconda3/envs/django/lib/python3.8/wsgiref/handlers.py", line 138, in run
    self.finish_response()
  File "/home/joe/anaconda3/envs/django/lib/python3.8/wsgiref/handlers.py", line 196, in finish_response
    self.close()
  File "/home/joe/anaconda3/envs/django/lib/python3.8/site-packages/django/core/servers/basehttp.py", line 114, in close
    super().close()
  File "/home/joe/anaconda3/envs/django/lib/python3.8/wsgiref/simple_server.py", line 38, in close
    SimpleHandler.close(self)
  File "/home/joe/anaconda3/envs/django/lib/python3.8/wsgiref/handlers.py", line 335, in close
    self.result.close()
  File "/home/joe/anaconda3/envs/django/lib/python3.8/site-packages/django/http/response.py", line 254, in close
    signals.request_finished.send(sender=self._handler_class)
  File "/home/joe/anaconda3/envs/django/lib/python3.8/site-packages/django/dispatch/dispatcher.py", line 173, in send
    return [
  File "/home/joe/anaconda3/envs/django/lib/python3.8/site-packages/django/dispatch/dispatcher.py", line 174, in <listcomp>
    (receiver, receiver(signal=self, sender=sender, **named))
  File "/home/joe/anaconda3/envs/django/lib/python3.8/site-packages/django/db/__init__.py", line 57, in close_old_connections
    conn.close_if_unusable_or_obsolete()
  File "/home/joe/anaconda3/envs/django/lib/python3.8/site-packages/django/db/backends/base/base.py", line 525, in close_if_unusable_or_obsolete
    self.close()
  File "/home/joe/anaconda3/envs/django/lib/python3.8/site-packages/django/utils/asyncio.py", line 26, in inner
    return func(*args, **kwargs)
  File "/home/joe/anaconda3/envs/django/lib/python3.8/site-packages/django/db/backends/sqlite3/base.py", line 261, in close
    if not self.is_in_memory_db():
  File "/home/joe/anaconda3/envs/django/lib/python3.8/site-packages/django/db/backends/sqlite3/base.py", line 380, in is_in_memory_db
    return self.creation.is_in_memory_db(self.settings_dict['NAME'])
  File "/home/joe/anaconda3/envs/django/lib/python3.8/site-packages/django/db/backends/sqlite3/creation.py", line 12, in is_in_memory_db
    return database_name == ':memory:' or 'mode=memory' in database_name
TypeError: argument of type 'PosixPath' is not iterable
[28/Mar/2021 05:57:00] "POST /api/create HTTP/1.1" 500 59
Traceback (most recent call last):
  File "/home/joe/anaconda3/envs/django/lib/python3.8/site-packages/django/core/management/base.py", line 328, in run_from_argv
    self.execute(*args, **cmd_options)
  File "/home/joe/anaconda3/envs/django/lib/python3.8/site-packages/django/core/management/commands/runserver.py", line 60, in execute
    super().execute(*args, **options)
  File "/home/joe/anaconda3/envs/django/lib/python3.8/site-packages/django/core/management/base.py", line 369, in execute
    output = self.handle(*args, **options)
  File "/home/joe/anaconda3/envs/django/lib/python3.8/site-packages/django/core/management/commands/runserver.py", line 95, in handle
    self.run(**options)
  File "/home/joe/anaconda3/envs/django/lib/python3.8/site-packages/django/core/management/commands/runserver.py", line 102, in run
    autoreload.run_with_reloader(self.inner_run, **options)
  File "/home/joe/anaconda3/envs/django/lib/python3.8/site-packages/django/utils/autoreload.py", line 601, in run_with_reloader
    exit_code = restart_with_reloader()
  File "/home/joe/anaconda3/envs/django/lib/python3.8/site-packages/django/utils/autoreload.py", line 230, in restart_with_reloader
    p = subprocess.run(args, env=new_environ, close_fds=False)
  File "/home/joe/anaconda3/envs/django/lib/python3.8/subprocess.py", line 491, in run
    stdout, stderr = process.communicate(input, timeout=timeout)
  File "/home/joe/anaconda3/envs/django/lib/python3.8/subprocess.py", line 1016, in communicate
    self.wait()
  File "/home/joe/anaconda3/envs/django/lib/python3.8/subprocess.py", line 1079, in wait
    return self._wait(timeout=timeout)
  File "/home/joe/anaconda3/envs/django/lib/python3.8/subprocess.py", line 1804, in _wait
    (pid, sts) = self._try_wait(0)
  File "/home/joe/anaconda3/envs/django/lib/python3.8/subprocess.py", line 1762, in _try_wait
    (pid, sts) = os.waitpid(self.pid, wait_flags)
  File "/home/joe/anaconda3/envs/django/lib/python3.8/site-packages/django/utils/autoreload.py", line 594, in <lambda>
    signal.signal(signal.SIGTERM, lambda *args: sys.exit(0))
SystemExit: 0

During handling of the above exception, another exception occurred:

Traceback (most recent call last):
  File "manage.py", line 22, in <module>
    main()
  File "manage.py", line 18, in main
    execute_from_command_line(sys.argv)
  File "/home/joe/anaconda3/envs/django/lib/python3.8/site-packages/django/core/management/__init__.py", line 401, in execute_from_command_line
    utility.execute()
  File "/home/joe/anaconda3/envs/django/lib/python3.8/site-packages/django/core/management/__init__.py", line 395, in execute
    self.fetch_command(subcommand).run_from_argv(self.argv)
  File "/home/joe/anaconda3/envs/django/lib/python3.8/site-packages/django/core/management/base.py", line 341, in run_from_argv
    connections.close_all()
  File "/home/joe/anaconda3/envs/django/lib/python3.8/site-packages/django/db/utils.py", line 230, in close_all
    connection.close()
  File "/home/joe/anaconda3/envs/django/lib/python3.8/site-packages/django/utils/asyncio.py", line 26, in inner
    return func(*args, **kwargs)
  File "/home/joe/anaconda3/envs/django/lib/python3.8/site-packages/django/db/backends/sqlite3/base.py", line 261, in close
    if not self.is_in_memory_db():
  File "/home/joe/anaconda3/envs/django/lib/python3.8/site-packages/django/db/backends/sqlite3/base.py", line 380, in is_in_memory_db
    return self.creation.is_in_memory_db(self.settings_dict['NAME'])
  File "/home/joe/anaconda3/envs/django/lib/python3.8/site-packages/django/db/backends/sqlite3/creation.py", line 12, in is_in_memory_db
    return database_name == ':memory:' or 'mode=memory' in database_name
TypeError: argument of type 'PosixPath' is not iterable
Watching for file changes with StatReloader
Invalid HTTP_HOST header: '138.197.169.5'. You may need to add '138.197.169.5' to ALLOWED_HOSTS.
Bad Request: /
[28/Mar/2021 11:21:42] "GET / HTTP/1.1" 400 62078
[28/Mar/2021 18:24:44] code 400, message Bad request syntax ('\x02\x01\x00\x00\x00\x00\x00\x06build')
[28/Mar/2021 18:24:44] "     build" 400 -
[28/Mar/2021 18:24:44] code 400, message Bad request syntax ('\x02\x01\x00\x00\x00\x00\x00\x06build')
[28/Mar/2021 18:24:44] "     build" 400 -
[28/Mar/2021 19:17:55] "GET /api/count HTTP/1.1" 200 12
[28/Mar/2021 19:17:55] "GET /api/view HTTP/1.1" 200 27
[28/Mar/2021 19:17:58] "GET /api/grab HTTP/1.1" 200 22
[28/Mar/2021 19:27:58] "GET /api/count HTTP/1.1" 200 12
[28/Mar/2021 19:27:58] "GET /api/view HTTP/1.1" 200 16
[28/Mar/2021 19:28:00] "GET /api/count HTTP/1.1" 200 12
[28/Mar/2021 19:28:00] "GET /api/view HTTP/1.1" 200 16
[28/Mar/2021 19:28:29] "POST /api/create HTTP/1.1" 200 2
[28/Mar/2021 19:28:36] "GET /api/count HTTP/1.1" 200 12
[28/Mar/2021 19:28:37] "GET /api/view HTTP/1.1" 200 37
[28/Mar/2021 19:28:53] "POST /api/create HTTP/1.1" 200 2
[28/Mar/2021 19:28:55] "GET /api/count HTTP/1.1" 200 12
[28/Mar/2021 19:28:55] "GET /api/view HTTP/1.1" 200 54
[28/Mar/2021 19:28:58] "GET /api/count HTTP/1.1" 200 12
[28/Mar/2021 19:28:58] "GET /api/view HTTP/1.1" 200 54
[28/Mar/2021 19:29:14] "POST /api/create HTTP/1.1" 200 2
[28/Mar/2021 19:29:15] "GET /api/count HTTP/1.1" 200 12
[28/Mar/2021 19:29:15] "GET /api/count HTTP/1.1" 200 12
[28/Mar/2021 19:29:16] "GET /api/view HTTP/1.1" 200 75
[28/Mar/2021 19:29:16] "GET /api/view HTTP/1.1" 200 75
[28/Mar/2021 19:29:17] "GET /api/grab HTTP/1.1" 200 26
[28/Mar/2021 19:29:21] "POST /api/create HTTP/1.1" 200 2
[28/Mar/2021 19:29:29] "GET /api/count HTTP/1.1" 200 12
[28/Mar/2021 19:29:29] "GET /api/view HTTP/1.1" 200 75
[28/Mar/2021 19:29:41] "GET /api/count HTTP/1.1" 200 12
[28/Mar/2021 19:29:41] "GET /api/view HTTP/1.1" 200 75
[28/Mar/2021 19:29:57] "GET /api/count HTTP/1.1" 200 12
[28/Mar/2021 19:29:57] "GET /api/view HTTP/1.1" 200 75
[28/Mar/2021 19:30:23] "GET /api/count HTTP/1.1" 200 12
[28/Mar/2021 19:30:24] "GET /api/view HTTP/1.1" 200 75
[28/Mar/2021 19:31:39] "POST /api/create HTTP/1.1" 200 2
[28/Mar/2021 19:31:42] "GET /api/count HTTP/1.1" 200 12
[28/Mar/2021 19:31:42] "GET /api/view HTTP/1.1" 200 98
[28/Mar/2021 19:31:46] "GET /api/count HTTP/1.1" 200 12
[28/Mar/2021 19:31:46] "GET /api/view HTTP/1.1" 200 98
[28/Mar/2021 19:33:37] "POST /api/create HTTP/1.1" 200 2
[28/Mar/2021 19:33:40] "GET /api/count HTTP/1.1" 200 12
[28/Mar/2021 19:33:40] "GET /api/view HTTP/1.1" 200 128
[28/Mar/2021 19:34:54] "GET /api/count HTTP/1.1" 200 12
[28/Mar/2021 19:34:55] "GET /api/view HTTP/1.1" 200 128
[28/Mar/2021 19:34:56] "GET /api/count HTTP/1.1" 200 12
[28/Mar/2021 19:34:56] "GET /api/view HTTP/1.1" 200 128
[28/Mar/2021 19:34:57] "GET /api/count HTTP/1.1" 200 12
[28/Mar/2021 19:34:57] "GET /api/view HTTP/1.1" 200 128
[28/Mar/2021 19:35:17] "GET /api/count HTTP/1.1" 200 12
[28/Mar/2021 19:35:17] "GET /api/view HTTP/1.1" 200 128
[28/Mar/2021 19:36:37] "POST /api/create HTTP/1.1" 200 2
[28/Mar/2021 19:36:45] "GET /api/count HTTP/1.1" 200 12
[28/Mar/2021 19:36:45] "GET /api/view HTTP/1.1" 200 146
[28/Mar/2021 19:42:41] "GET /api/count HTTP/1.1" 200 12
[28/Mar/2021 19:42:42] "GET /api/view HTTP/1.1" 200 146
[28/Mar/2021 19:42:43] "GET /api/count HTTP/1.1" 200 12
[28/Mar/2021 19:42:43] "GET /api/view HTTP/1.1" 200 146
[28/Mar/2021 19:42:43] "POST /api/create HTTP/1.1" 200 2
[28/Mar/2021 19:42:44] "GET /api/count HTTP/1.1" 200 12
[28/Mar/2021 19:42:44] "GET /api/view HTTP/1.1" 200 174
[28/Mar/2021 19:43:09] "POST /api/create HTTP/1.1" 200 2
[28/Mar/2021 19:43:10] "POST /api/create HTTP/1.1" 200 2
[28/Mar/2021 19:43:11] "GET /api/count HTTP/1.1" 200 12
[28/Mar/2021 19:43:11] "GET /api/view HTTP/1.1" 200 218
[28/Mar/2021 19:43:16] "GET /api/count HTTP/1.1" 200 12
[28/Mar/2021 19:43:16] "GET /api/view HTTP/1.1" 200 218
[28/Mar/2021 19:47:03] "POST /api/create HTTP/1.1" 200 2
[28/Mar/2021 19:47:07] "GET /api/count HTTP/1.1" 200 13
[28/Mar/2021 19:47:07] "GET /api/view HTTP/1.1" 200 253
[28/Mar/2021 19:47:21] "GET /api/count HTTP/1.1" 200 13
[28/Mar/2021 19:47:22] "POST /api/create HTTP/1.1" 200 2
[28/Mar/2021 19:47:22] "GET /api/view HTTP/1.1" 200 295
[28/Mar/2021 19:47:43] "POST /api/create HTTP/1.1" 200 2
[28/Mar/2021 19:47:44] "GET /api/count HTTP/1.1" 200 13
[28/Mar/2021 19:47:45] "GET /api/view HTTP/1.1" 200 326
[28/Mar/2021 19:48:14] "GET /api/count HTTP/1.1" 200 13
[28/Mar/2021 19:48:14] "GET /api/view HTTP/1.1" 200 326
[28/Mar/2021 19:48:30] "POST /api/create HTTP/1.1" 200 2
[28/Mar/2021 19:48:33] "POST /api/create HTTP/1.1" 200 2
[28/Mar/2021 19:48:34] "GET /api/count HTTP/1.1" 200 13
[28/Mar/2021 19:48:34] "GET /api/view HTTP/1.1" 200 370
[28/Mar/2021 19:48:55] "POST /api/create HTTP/1.1" 200 2
[28/Mar/2021 19:49:02] "GET /api/count HTTP/1.1" 200 13
[28/Mar/2021 19:49:02] "GET /api/view HTTP/1.1" 200 403
[28/Mar/2021 19:49:32] "POST /api/create HTTP/1.1" 200 2
[28/Mar/2021 19:52:13] "GET /api/count HTTP/1.1" 200 13
[28/Mar/2021 19:52:13] "GET /api/view HTTP/1.1" 200 425
[28/Mar/2021 19:52:17] "POST /api/create HTTP/1.1" 200 2
[28/Mar/2021 19:53:01] "GET /api/count HTTP/1.1" 200 13
[28/Mar/2021 19:53:01] "GET /api/view HTTP/1.1" 200 509
[28/Mar/2021 19:53:19] "GET /api/count HTTP/1.1" 200 13
[28/Mar/2021 19:53:19] "GET /api/view HTTP/1.1" 200 509
[28/Mar/2021 19:55:41] "POST /api/create HTTP/1.1" 200 2
[28/Mar/2021 19:55:43] "GET /api/count HTTP/1.1" 200 13
[28/Mar/2021 19:55:43] "GET /api/view HTTP/1.1" 200 549
[28/Mar/2021 19:57:02] "POST /api/create HTTP/1.1" 200 2
[28/Mar/2021 19:57:16] "GET /api/count HTTP/1.1" 200 13
[28/Mar/2021 19:57:16] "GET /api/view HTTP/1.1" 200 582
[28/Mar/2021 19:58:12] "GET /api/count HTTP/1.1" 200 13
[28/Mar/2021 19:58:13] "GET /api/view HTTP/1.1" 200 582
[28/Mar/2021 19:59:30] "POST /api/create HTTP/1.1" 200 2
[28/Mar/2021 19:59:36] "GET /api/count HTTP/1.1" 200 13
[28/Mar/2021 19:59:36] "GET /api/view HTTP/1.1" 200 596
[28/Mar/2021 19:59:40] "GET /api/count HTTP/1.1" 200 13
[28/Mar/2021 19:59:40] "GET /api/view HTTP/1.1" 200 596
[28/Mar/2021 20:01:04] "POST /api/create HTTP/1.1" 200 2
[28/Mar/2021 20:06:41] "POST /api/create HTTP/1.1" 200 2
[28/Mar/2021 20:11:29] "POST /api/create HTTP/1.1" 200 2
[28/Mar/2021 20:11:31] "GET /api/count HTTP/1.1" 200 13
[28/Mar/2021 20:11:31] "GET /api/view HTTP/1.1" 200 671
[28/Mar/2021 21:29:28] "GET /api/count HTTP/1.1" 200 13
[28/Mar/2021 21:29:28] "GET /api/view HTTP/1.1" 200 671
Invalid HTTP_HOST header: 'pc.joefurfaro.ca:3000'. You may need to add 'pc.joefurfaro.ca' to ALLOWED_HOSTS.
Bad Request: /
[29/Mar/2021 06:48:47] "GET / HTTP/1.0" 400 61317
[29/Mar/2021 09:33:04] "POST /api/create HTTP/1.1" 200 2
[29/Mar/2021 09:33:36] "GET /api/count HTTP/1.1" 200 13
[29/Mar/2021 09:33:36] "GET /api/view HTTP/1.1" 200 696
[29/Mar/2021 09:34:18] "POST /api/create HTTP/1.1" 200 2
[29/Mar/2021 09:35:34] "GET /api/count HTTP/1.1" 200 13
[29/Mar/2021 09:35:35] "GET /api/view HTTP/1.1" 200 783
Invalid HTTP_HOST header: '138.197.169.5:3000'. You may need to add '138.197.169.5' to ALLOWED_HOSTS.
Bad Request: /
[29/Mar/2021 09:42:24] "GET / HTTP/1.1" 400 62062
Invalid HTTP_HOST header: 'pc.joefurfaro.ca:3000'. You may need to add 'pc.joefurfaro.ca' to ALLOWED_HOSTS.
Bad Request: /
[29/Mar/2021 21:19:41] "GET / HTTP/1.0" 400 61850
[30/Mar/2021 02:10:08] code 400, message Bad HTTP/0.9 request type ('\x03\x00\x00/*√†\x00\x00\x00\x00\x00Cookie:')
[30/Mar/2021 02:10:08] "  /*√†     Cookie: mstshash=Administr" 400 -
Not Found: /
[30/Mar/2021 05:34:42] "GET / HTTP/1.1" 404 2252
[30/Mar/2021 06:13:17] code 400, message Bad request syntax ('\x02\x01\x00\x00\x00\x00\x00\x06build')
[30/Mar/2021 06:13:17] "     build" 400 -
[30/Mar/2021 06:13:17] code 400, message Bad request syntax ('\x02\x01\x00\x00\x00\x00\x00\x06build')
[30/Mar/2021 06:13:17] "     build" 400 -
Invalid HTTP_HOST header: '138.197.169.5:3000'. You may need to add '138.197.169.5' to ALLOWED_HOSTS.
Bad Request: /
[31/Mar/2021 03:22:52] "GET / HTTP/1.1" 400 61949
[31/Mar/2021 03:30:08] code 400, message Bad request syntax ('\x02\x01\x00\x00\x00\x00\x00\x06build')
[31/Mar/2021 03:30:08] "     build" 400 -
[31/Mar/2021 03:30:08] code 400, message Bad request syntax ('\x02\x01\x00\x00\x00\x00\x00\x06build')
[31/Mar/2021 03:30:08] "     build" 400 -
Invalid HTTP_HOST header: '138.197.169.5'. You may need to add '138.197.169.5' to ALLOWED_HOSTS.
Bad Request: /
[31/Mar/2021 08:47:05] "GET / HTTP/1.1" 400 61952
Invalid HTTP_HOST header: 'pc.joefurfaro.ca:3000'. You may need to add 'pc.joefurfaro.ca' to ALLOWED_HOSTS.
Bad Request: /
[31/Mar/2021 09:45:25] "GET / HTTP/1.0" 400 61316
[31/Mar/2021 09:45:26] code 400, message Bad request syntax ('HELP')
[31/Mar/2021 09:45:26] "HELP" 400 -
[31/Mar/2021 09:45:27] code 400, message Bad request syntax ('DmdT\x00\x00\x00\x17\x00\x00\x00\x01\x00\x00\x00\x00\x11\x11\x00√ø\x01√ø\x13')
[31/Mar/2021 09:45:27] "DmdT           √ø√ø" 400 -
[2021-03-31 09:45:27,730] - Broken pipe from ('45.33.69.235', 49038)

[31/Mar/2021 09:45:27] code 400, message Bad request syntax ('#ST')
[31/Mar/2021 09:45:27] "#ST" 400 -
[31/Mar/2021 09:45:29] code 400, message Bad HTTP/0.9 request type ('\x00')
[31/Mar/2021 09:45:29] " n    beio" 400 -
[2021-03-31 09:45:29,337] - Broken pipe from ('45.33.69.235', 50054)

[31/Mar/2021 09:45:30] code 400, message Bad request syntax ('\x00\x00\x07\x00\x08\x00\x03\x00\x04\x00\x05\x00\x06')
[31/Mar/2021 09:45:30] "       " 400 -
[2021-03-31 09:45:30,850] - Broken pipe from ('45.33.69.235', 51094)

Invalid HTTP_HOST header: 'pc.joefurfaro.ca:3000'. You may need to add 'pc.joefurfaro.ca' to ALLOWED_HOSTS.
Bad Request: /
[31/Mar/2021 09:45:30] "OPTIONS / HTTP/1.0" 400 61344
[31/Mar/2021 09:45:31] code 400, message Bad request version ('RTSP/1.0')
[31/Mar/2021 09:45:31] "OPTIONS / RTSP/1.0" 400 -
[31/Mar/2021 09:45:32] code 400, message Bad request version ('\x00\x01\x97|\x00\x00\x00\x00\x00\x00\x00\x00\x00\x00\x00\x00\x00\x00\x00\x00\x00\x00\x00\x00')
[31/Mar/2021 09:45:32] "¬Ä  (r√æ        ¬Ü¬† ¬ó|                    " 400 -
[2021-03-31 09:45:32,581] - Broken pipe from ('45.33.69.235', 52272)

[31/Mar/2021 09:45:34] code 400, message Bad HTTP/0.9 request type ('\x00')
[31/Mar/2021 09:45:34] "          versionbind   " 400 -
[2021-03-31 09:45:34,095] - Broken pipe from ('45.33.69.235', 53278)

[31/Mar/2021 09:45:35] code 400, message Bad HTTP/0.9 request type ('\x00')
[31/Mar/2021 09:45:35] "            " 400 -
[2021-03-31 09:45:35,611] - Broken pipe from ('45.33.69.235', 54232)

[31/Mar/2021 09:45:35] code 400, message Bad request syntax ('\x16\x03\x00\x00S\x01\x00\x00O\x03\x00?G√ó√∑¬∫,√Æ√™¬≤`~√≥\x00√Ω\x82{¬π√ï\x96√àw\x9b√¶√Ñ√õ<=√õo√Ø\x10n\x00\x00(\x00\x16\x00\x13\x00')
[31/Mar/2021 09:45:35] You're accessing the development server over HTTPS, but it only supports HTTP.

[31/Mar/2021 09:45:35] code 400, message Bad HTTP/0.9 request type ('\x03\x00\x00*%√†\x00\x00\x00\x00\x00Cookie:')
[31/Mar/2021 09:45:35] "  *%√†     Cookie: mstshash=beio" 400 -
[31/Mar/2021 09:45:35] code 400, message Bad request version ('\x00/\x00')
[31/Mar/2021 09:45:35] You're accessing the development server over HTTPS, but it only supports HTTP.

[31/Mar/2021 09:45:35] code 400, message Bad request syntax ('\x00\x00\x00qj\x81n0\x81k¬°\x03\x02\x01\x05¬¢\x03\x02\x01')
[31/Mar/2021 09:45:35] "   qj¬Ån0¬Åk¬°¬¢" 400 -
[31/Mar/2021 09:45:37] code 400, message Bad request version ('0.12\x00')
[31/Mar/2021 09:45:37] "   ¬§√øSMBr    @              @    ¬Å PC NETWORK PROGRAM 1.0 MICROSOFT NETWORKS 1.03 MICROSOFT NETWORKS 3.0 LANMAN1.0 LM1.2X002 Samba NT LANMAN 1.0 NT LM 0.12 " 400 -
[2021-03-31 09:45:37,404] - Broken pipe from ('45.33.69.235', 55356)

[31/Mar/2021 09:45:38] code 400, message Bad HTTP/0.9 request type ('l\x00')
[31/Mar/2021 09:45:38] "l          " 400 -
[2021-03-31 09:45:38,919] - Broken pipe from ('45.33.69.235', 56304)

Invalid HTTP_HOST header: 'pc.joefurfaro.ca:3000'. You may need to add 'pc.joefurfaro.ca' to ALLOWED_HOSTS.
Bad Request: /nice ports,/Trinity.txt.bak
[31/Mar/2021 09:45:39] "GET /nice%20ports%2C/Tri%6Eity.txt%2ebak HTTP/1.0" 400 61625
[31/Mar/2021 09:45:39] code 400, message Bad request syntax ('\x01default')
[31/Mar/2021 09:45:39] "default" 400 -
[31/Mar/2021 09:45:39] code 400, message Bad request syntax ('0\x84\x00\x00\x00-\x02\x01\x07c\x84\x00\x00\x00$\x04\x00')
[31/Mar/2021 09:45:39] "0¬Ñ   -c¬Ñ   $ " 400 -
[31/Mar/2021 09:45:40] code 400, message Bad HTTP/0.9 request type ('0')
[31/Mar/2021 09:45:40] "0` ¬Ä " 400 -
[2021-03-31 09:45:40,729] - Broken pipe from ('45.33.69.235', 57464)

[31/Mar/2021 09:45:40] code 400, message Bad request version ('SIP/2.0')
[31/Mar/2021 09:45:40] "OPTIONS sip:nm SIP/2.0" 400 -
[31/Mar/2021 09:45:42] code 400, message Bad request syntax ('TNMP\x04\x00\x00\x00TNME\x00\x00\x04\x00')
[31/Mar/2021 09:45:42] "TNMP   TNME   " 400 -
[2021-03-31 09:45:42,370] - Broken pipe from ('45.33.69.235', 58540)

[31/Mar/2021 09:45:43] code 400, message Bad HTTP/0.9 request type ('\x03\x00\x00')
[31/Mar/2021 09:45:43] "  √†     " 400 -
[2021-03-31 09:45:43,858] - Broken pipe from ('45.33.69.235', 59556)

[31/Mar/2021 09:45:45] code 400, message Bad HTTP/0.9 request type (':\x00\x00\x00/\x00\x00\x00\x02\x00\x00@\x02\x0f\x00\x01\x00=\x05\x00\x00\x00\x00\x00\x00\x00\x00\x00\x00\x00\x00/\x00\x00\x00\x00\x00\x00\x00\x00\x00@')
[31/Mar/2021 09:45:45] ":   /     @  =            /         @                 " 400 -
[2021-03-31 09:45:45,691] - Broken pipe from ('45.33.69.235', 60464)

[31/Mar/2021 09:45:47] code 400, message Bad request syntax ('JRMI\x00\x02K')
[31/Mar/2021 09:45:47] "JRMI K" 400 -
[2021-03-31 09:45:47,172] - Broken pipe from ('45.33.69.235', 33240)

[31/Mar/2021 09:45:48] code 400, message Bad request version ('\x00{\x00\x00\x00\x00\x00A\x00A\x00\x00\x00-\x00\x00A\x00\x00\x00-\x00\x00\x00a\x00\x00-\x00A\x00A\x00\x00A\x00-\x00\x00\x00\x00\x00A\x00\x00A\x00A\x00\x00A\x00A\x00\x00}\x00\x00\x00√†m√ü_')
[31/Mar/2021 09:45:48] "  √Ω√é√∫¬∞¬†   MMS                    √∞√∞√∞√∞    N S P l a y e r / 9 .  .  . 9 8  ;   {     A A   -  A   -   a  - A A  A -     A  A A  A A  }   √†m√ü_" 400 -
[2021-03-31 09:45:48,687] - Broken pipe from ('45.33.69.235', 34074)

[31/Mar/2021 09:45:50] code 400, message Bad HTTP/0.9 request type ('\x00Z\x00\x00\x01\x00\x00\x00\x016\x01,\x00\x00\x08\x00\x7f√ø\x7f\x08\x00\x00\x00\x01\x00')
[31/Mar/2021 09:45:50] " Z     6,   √ø      :               √¶           (CONNECT_DATA=(COMMAND=version))" 400 -
[2021-03-31 09:45:50,202] - Broken pipe from ('45.33.69.235', 34976)

[31/Mar/2021 09:45:51] code 400, message Bad request version ('\x03\x00(\x00\x04√ø\x08\x00\x01U\x00\x00\x00MSSQLServer\x00H\x0f\x00\x00')
[31/Mar/2021 09:45:51] " 4            ( √ø U   MSSQLServer H  " 400 -
[2021-03-31 09:45:51,713] - Broken pipe from ('45.33.69.235', 35880)

[31/Mar/2021 09:45:53] code 400, message Bad request syntax ('\x00\x03\x00\x01\x00\x00\x00\x00\x00\x00\x00\x02\x00\x00\x00\x00\x0f\x00')
[31/Mar/2021 09:45:53] "              " 400 -
[31/Mar/2021 09:45:54] code 400, message Bad request syntax ('GIOP\x01\x00\x01\x00$\x00\x00\x00\x00\x00\x00\x00\x01\x00\x00\x00\x01\x00\x00\x00\x06\x00\x00\x00abcdef\x00\x00\x04\x00\x00\x00get\x00\x00\x00\x00\x00')
[31/Mar/2021 09:45:54] "GIOP  $                abcdef     get     " 400 -
[2021-03-31 09:45:54,744] - Broken pipe from ('45.33.69.235', 37814)

[31/Mar/2021 09:45:56] code 400, message Bad request syntax ('\x00\x9c\x00\x01\x1a+<M\x00\x01\x00\x00\x01\x00\x00\x00\x00\x00\x00\x01\x00\x00\x00\x01√ø√ø\x00\x01none\x00\x00\x00\x00\x00\x00\x00\x00\x00\x00\x00\x00\x00\x00\x00\x00\x00\x00\x00\x00\x00\x00\x00\x00\x00\x00\x00\x00\x00\x00\x00\x00\x00\x00\x00\x00\x00\x00\x00\x00\x00\x00\x00\x00\x00\x00\x00\x00\x00\x00\x00\x00\x00\x00\x00\x00\x00\x00\x00\x00beio\x00\x00\x00\x00\x00\x00\x00\x00\x00\x00\x00\x00\x00\x00\x00\x00\x00\x00\x00\x00\x00\x00\x00\x00\x00\x00\x00\x00\x00\x00\x00\x00\x00\x00\x00\x00\x00\x00\x00\x00\x00\x00\x00\x00\x00\x00\x00\x00\x00\x00\x00\x00\x00\x00\x00\x00\x00\x00\x00\x00')
[31/Mar/2021 09:45:56] " ¬ú +<M            √ø√ø none                                                            beio                                                            " 400 -
[2021-03-31 09:45:56,264] - Broken pipe from ('45.33.69.235', 38674)

[31/Mar/2021 09:45:57] code 400, message Bad request syntax ('\x00\x00\x00\x01\x00\x00\x00\x01\x00\x00\x00\x04\x00\x00\x00\x08\x00\x00\x00\x01\x00\x00\x00\x00')
[31/Mar/2021 09:45:57] "                   " 400 -
[2021-03-31 09:45:57,777] - Broken pipe from ('45.33.69.235', 39606)

[31/Mar/2021 09:45:59] code 400, message Bad request syntax ('\x03\x81\x00\x00\x00\x00\x00_@\x00\x017\x00\x00\x00\x00\x00\x00\x00\x01\x00\x01\x00\x00\x00\x00\x00\x01\x00\x00\x00\x01\x00\x00\x00\x00\x00\x00\x00\x00\x00\x00\x00\x00\x00\x00\x00\x00InitiatorName=iqn.1991-05.com.microsoft:beio-iscsi-probe\x00SessionType=Discovery\x00AuthMethod=None\x00\x00')
[31/Mar/2021 09:45:59] "¬Å     _@ 7                                InitiatorName=iqn.1991-05.com.microsoft:beio-iscsi-probe SessionType=Discovery AuthMethod=None  " 400 -
[2021-03-31 09:45:59,295] - Broken pipe from ('45.33.69.235', 40614)

[31/Mar/2021 09:46:00] code 400, message Bad request version ('CharruaVista')
[31/Mar/2021 09:46:00] "    √ç   ANY-SCP         FINDSCU                                           1.2.840.10008.3.1.1.1   .   0  1.2.840.10008.1.1@  1.2.840.10008.1.2P  :Q    @ R  1.2.826.0.1.3680043.2.1396.999U  CharruaVista" 400 -
[2021-03-31 09:46:00,807] - Broken pipe from ('45.33.69.235', 41526)

[31/Mar/2021 09:46:00] code 400, message Bad HTTP/0.9 request type ("\x03\x00\x00,'√†\x00\x00\x00\x00\x00Cookie:")
[31/Mar/2021 09:46:00] "  ,'√†     Cookie: mstshash=Administrator" 400 -
[31/Mar/2021 09:46:02] code 400, message Bad request syntax ('\x00\x00\x00\x00\x00')
[31/Mar/2021 09:46:02] "     " 400 -
[2021-03-31 09:46:02,381] - Broken pipe from ('45.33.69.235', 42568)

[31/Mar/2021 09:46:02] code 400, message Bad request syntax ('\x01I20100')
[31/Mar/2021 09:46:02] "I20100" 400 -
Invalid HTTP_HOST header: 'pc.joefurfaro.ca:3000'. You may need to add 'pc.joefurfaro.ca' to ALLOWED_HOSTS.
Bad Request: /
[31/Mar/2021 10:07:44] "GET / HTTP/1.0" 400 61316
[31/Mar/2021 10:07:44] code 400, message Bad request syntax ('HELP')
[31/Mar/2021 10:07:44] "HELP" 400 -
[31/Mar/2021 10:07:45] code 400, message Bad request syntax ('DmdT\x00\x00\x00\x17\x00\x00\x00\x01\x00\x00\x00\x00\x11\x11\x00√ø\x01√ø\x13')
[31/Mar/2021 10:07:45] "DmdT           √ø√ø" 400 -
[2021-03-31 10:07:45,767] - Broken pipe from ('45.79.183.66', 56534)

[31/Mar/2021 10:07:45] code 400, message Bad request syntax ('#ST')
[31/Mar/2021 10:07:45] "#ST" 400 -
[31/Mar/2021 10:07:47] code 400, message Bad HTTP/0.9 request type ('\x00')
[31/Mar/2021 10:07:47] " n    beio" 400 -
[2021-03-31 10:07:47,356] - Broken pipe from ('45.79.183.66', 57274)

[31/Mar/2021 10:07:48] code 400, message Bad request syntax ('\x00\x00\x07\x00\x08\x00\x03\x00\x04\x00\x05\x00\x06')
[31/Mar/2021 10:07:48] "       " 400 -
Invalid HTTP_HOST header: 'pc.joefurfaro.ca:3000'. You may need to add 'pc.joefurfaro.ca' to ALLOWED_HOSTS.
Bad Request: /
[31/Mar/2021 10:07:48] "OPTIONS / HTTP/1.0" 400 61344
[31/Mar/2021 10:07:49] code 400, message Bad request version ('RTSP/1.0')
[31/Mar/2021 10:07:49] "OPTIONS / RTSP/1.0" 400 -
[31/Mar/2021 10:07:50] code 400, message Bad request version ('\x00\x01\x97|\x00\x00\x00\x00\x00\x00\x00\x00\x00\x00\x00\x00\x00\x00\x00\x00\x00\x00\x00\x00')
[31/Mar/2021 10:07:50] "¬Ä  (r√æ        ¬Ü¬† ¬ó|                    " 400 -
[2021-03-31 10:07:50,652] - Broken pipe from ('45.79.183.66', 58810)

[31/Mar/2021 10:07:52] code 400, message Bad HTTP/0.9 request type ('\x00')
[31/Mar/2021 10:07:52] "          versionbind   " 400 -
[2021-03-31 10:07:52,180] - Broken pipe from ('45.79.183.66', 59482)

[31/Mar/2021 10:07:53] code 400, message Bad HTTP/0.9 request type ('\x00')
[31/Mar/2021 10:07:53] "            " 400 -
[2021-03-31 10:07:53,698] - Broken pipe from ('45.79.183.66', 60138)

[31/Mar/2021 10:07:53] code 400, message Bad request syntax ('\x16\x03\x00\x00S\x01\x00\x00O\x03\x00?G√ó√∑¬∫,√Æ√™¬≤`~√≥\x00√Ω\x82{¬π√ï\x96√àw\x9b√¶√Ñ√õ<=√õo√Ø\x10n\x00\x00(\x00\x16\x00\x13\x00')
[31/Mar/2021 10:07:53] You're accessing the development server over HTTPS, but it only supports HTTP.

[31/Mar/2021 10:07:53] code 400, message Bad HTTP/0.9 request type ('\x03\x00\x00*%√†\x00\x00\x00\x00\x00Cookie:')
[31/Mar/2021 10:07:53] "  *%√†     Cookie: mstshash=beio" 400 -
[31/Mar/2021 10:07:53] code 400, message Bad request version ('\x00/\x00')
[31/Mar/2021 10:07:53] You're accessing the development server over HTTPS, but it only supports HTTP.

[31/Mar/2021 10:07:54] code 400, message Bad request syntax ('\x00\x00\x00qj\x81n0\x81k¬°\x03\x02\x01\x05¬¢\x03\x02\x01')
[31/Mar/2021 10:07:54] "   qj¬Ån0¬Åk¬°¬¢" 400 -
[31/Mar/2021 10:07:55] code 400, message Bad request version ('0.12\x00')
[31/Mar/2021 10:07:55] "   ¬§√øSMBr    @              @    ¬Å PC NETWORK PROGRAM 1.0 MICROSOFT NETWORKS 1.03 MICROSOFT NETWORKS 3.0 LANMAN1.0 LM1.2X002 Samba NT LANMAN 1.0 NT LM 0.12 " 400 -
[2021-03-31 10:07:55,620] - Broken pipe from ('45.79.183.66', 32774)

[31/Mar/2021 10:07:57] code 400, message Bad HTTP/0.9 request type ('l\x00')
[31/Mar/2021 10:07:57] "l          " 400 -
[2021-03-31 10:07:57,134] - Broken pipe from ('45.79.183.66', 33416)

Invalid HTTP_HOST header: 'pc.joefurfaro.ca:3000'. You may need to add 'pc.joefurfaro.ca' to ALLOWED_HOSTS.
Bad Request: /nice ports,/Trinity.txt.bak
[31/Mar/2021 10:07:57] "GET /nice%20ports%2C/Tri%6Eity.txt%2ebak HTTP/1.0" 400 61625
[31/Mar/2021 10:07:57] code 400, message Bad request syntax ('\x01default')
[31/Mar/2021 10:07:57] "default" 400 -
[31/Mar/2021 10:07:57] code 400, message Bad request syntax ('0\x84\x00\x00\x00-\x02\x01\x07c\x84\x00\x00\x00$\x04\x00')
[31/Mar/2021 10:07:57] "0¬Ñ   -c¬Ñ   $ " 400 -
[31/Mar/2021 10:07:58] code 400, message Bad HTTP/0.9 request type ('0')
[31/Mar/2021 10:07:58] "0` ¬Ä " 400 -
[31/Mar/2021 10:07:58] code 400, message Bad request version ('SIP/2.0')
[31/Mar/2021 10:07:58] "OPTIONS sip:nm SIP/2.0" 400 -
[31/Mar/2021 10:08:01] code 400, message Bad request syntax ('TNMP\x04\x00\x00\x00TNME\x00\x00\x04\x00')
[31/Mar/2021 10:08:01] "TNMP   TNME   " 400 -
[2021-03-31 10:08:01,207] - Broken pipe from ('45.79.183.66', 34824)

[31/Mar/2021 10:08:02] code 400, message Bad HTTP/0.9 request type ('\x03\x00\x00')
[31/Mar/2021 10:08:02] "  √†     " 400 -
[2021-03-31 10:08:02,749] - Broken pipe from ('45.79.183.66', 35612)

[31/Mar/2021 10:08:04] code 400, message Bad HTTP/0.9 request type (':\x00\x00\x00/\x00\x00\x00\x02\x00\x00@\x02\x0f\x00\x01\x00=\x05\x00\x00\x00\x00\x00\x00\x00\x00\x00\x00\x00\x00/\x00\x00\x00\x00\x00\x00\x00\x00\x00@')
[31/Mar/2021 10:08:04] ":   /     @  =            /         @                 " 400 -
[2021-03-31 10:08:04,262] - Broken pipe from ('45.79.183.66', 36178)

[31/Mar/2021 10:08:05] code 400, message Bad request syntax ('JRMI\x00\x02K')
[31/Mar/2021 10:08:05] "JRMI K" 400 -
[2021-03-31 10:08:05,777] - Broken pipe from ('45.79.183.66', 36752)

[31/Mar/2021 10:08:07] code 400, message Bad request version ('\x00{\x00\x00\x00\x00\x00A\x00A\x00\x00\x00-\x00\x00A\x00\x00\x00-\x00\x00\x00a\x00\x00-\x00A\x00A\x00\x00A\x00-\x00\x00\x00\x00\x00A\x00\x00A\x00A\x00\x00A\x00A\x00\x00}\x00\x00\x00√†m√ü_')
[31/Mar/2021 10:08:07] "  √Ω√é√∫¬∞¬†   MMS                    √∞√∞√∞√∞    N S P l a y e r / 9 .  .  . 9 8  ;   {     A A   -  A   -   a  - A A  A -     A  A A  A A  }   √†m√ü_" 400 -
[2021-03-31 10:08:07,298] - Broken pipe from ('45.79.183.66', 37720)

[31/Mar/2021 10:08:08] code 400, message Bad HTTP/0.9 request type ('\x00Z\x00\x00\x01\x00\x00\x00\x016\x01,\x00\x00\x08\x00\x7f√ø\x7f\x08\x00\x00\x00\x01\x00')
[31/Mar/2021 10:08:08] " Z     6,   √ø      :               √¶           (CONNECT_DATA=(COMMAND=version))" 400 -
[2021-03-31 10:08:08,813] - Broken pipe from ('45.79.183.66', 38590)

[31/Mar/2021 10:08:10] code 400, message Bad request version ('\x03\x00(\x00\x04√ø\x08\x00\x01U\x00\x00\x00MSSQLServer\x00H\x0f\x00\x00')
[31/Mar/2021 10:08:10] " 4            ( √ø U   MSSQLServer H  " 400 -
[2021-03-31 10:08:10,327] - Broken pipe from ('45.79.183.66', 39440)

[31/Mar/2021 10:08:11] code 400, message Bad request syntax ('\x00\x03\x00\x01\x00\x00\x00\x00\x00\x00\x00\x02\x00\x00\x00\x00\x0f\x00')
[31/Mar/2021 10:08:11] "              " 400 -
[2021-03-31 10:08:11,843] - Broken pipe from ('45.79.183.66', 40178)

[31/Mar/2021 10:08:13] code 400, message Bad request syntax ('GIOP\x01\x00\x01\x00$\x00\x00\x00\x00\x00\x00\x00\x01\x00\x00\x00\x01\x00\x00\x00\x06\x00\x00\x00abcdef\x00\x00\x04\x00\x00\x00get\x00\x00\x00\x00\x00')
[31/Mar/2021 10:08:13] "GIOP  $                abcdef     get     " 400 -
[2021-03-31 10:08:13,358] - Broken pipe from ('45.79.183.66', 40940)

[31/Mar/2021 10:08:14] code 400, message Bad request syntax ('\x00\x9c\x00\x01\x1a+<M\x00\x01\x00\x00\x01\x00\x00\x00\x00\x00\x00\x01\x00\x00\x00\x01√ø√ø\x00\x01none\x00\x00\x00\x00\x00\x00\x00\x00\x00\x00\x00\x00\x00\x00\x00\x00\x00\x00\x00\x00\x00\x00\x00\x00\x00\x00\x00\x00\x00\x00\x00\x00\x00\x00\x00\x00\x00\x00\x00\x00\x00\x00\x00\x00\x00\x00\x00\x00\x00\x00\x00\x00\x00\x00\x00\x00\x00\x00\x00\x00beio\x00\x00\x00\x00\x00\x00\x00\x00\x00\x00\x00\x00\x00\x00\x00\x00\x00\x00\x00\x00\x00\x00\x00\x00\x00\x00\x00\x00\x00\x00\x00\x00\x00\x00\x00\x00\x00\x00\x00\x00\x00\x00\x00\x00\x00\x00\x00\x00\x00\x00\x00\x00\x00\x00\x00\x00\x00\x00\x00\x00')
[31/Mar/2021 10:08:14] " ¬ú +<M            √ø√ø none                                                            beio                                                            " 400 -
[31/Mar/2021 10:08:16] code 400, message Bad request syntax ('\x00\x00\x00\x01\x00\x00\x00\x01\x00\x00\x00\x04\x00\x00\x00\x08\x00\x00\x00\x01\x00\x00\x00\x00')
[31/Mar/2021 10:08:16] "                   " 400 -
[2021-03-31 10:08:16,386] - Broken pipe from ('45.79.183.66', 42548)

[31/Mar/2021 10:08:17] code 400, message Bad request syntax ('\x03\x81\x00\x00\x00\x00\x00_@\x00\x017\x00\x00\x00\x00\x00\x00\x00\x01\x00\x01\x00\x00\x00\x00\x00\x01\x00\x00\x00\x01\x00\x00\x00\x00\x00\x00\x00\x00\x00\x00\x00\x00\x00\x00\x00\x00InitiatorName=iqn.1991-05.com.microsoft:beio-iscsi-probe\x00SessionType=Discovery\x00AuthMethod=None\x00\x00')
[31/Mar/2021 10:08:17] "¬Å     _@ 7                                InitiatorName=iqn.1991-05.com.microsoft:beio-iscsi-probe SessionType=Discovery AuthMethod=None  " 400 -
[2021-03-31 10:08:17,899] - Broken pipe from ('45.79.183.66', 43414)

[31/Mar/2021 10:08:19] code 400, message Bad request version ('CharruaVista')
[31/Mar/2021 10:08:19] "    √ç   ANY-SCP         FINDSCU                                           1.2.840.10008.3.1.1.1   .   0  1.2.840.10008.1.1@  1.2.840.10008.1.2P  :Q    @ R  1.2.826.0.1.3680043.2.1396.999U  CharruaVista" 400 -
[2021-03-31 10:08:19,412] - Broken pipe from ('45.79.183.66', 44172)

[31/Mar/2021 10:08:19] code 400, message Bad HTTP/0.9 request type ("\x03\x00\x00,'√†\x00\x00\x00\x00\x00Cookie:")
[31/Mar/2021 10:08:19] "  ,'√†     Cookie: mstshash=Administrator" 400 -
[31/Mar/2021 10:08:20] code 400, message Bad request syntax ('\x00\x00\x00\x00\x00')
[31/Mar/2021 10:08:20] "     " 400 -
[2021-03-31 10:08:20,981] - Broken pipe from ('45.79.183.66', 44960)

[31/Mar/2021 10:08:20] code 400, message Bad request syntax ('\x01I20100')
[31/Mar/2021 10:08:20] "I20100" 400 -
[31/Mar/2021 12:39:37] code 400, message Bad HTTP/0.9 request type ('\x03\x00\x00/*√†\x00\x00\x00\x00\x00Cookie:')
[31/Mar/2021 12:39:37] "  /*√†     Cookie: mstshash=Administr" 400 -
Invalid HTTP_HOST header: '138.197.169.5:3000'. You may need to add '138.197.169.5' to ALLOWED_HOSTS.
Bad Request: /
[31/Mar/2021 22:12:46] "GET / HTTP/1.1" 400 61632
Invalid HTTP_HOST header: '138.197.169.5'. You may need to add '138.197.169.5' to ALLOWED_HOSTS.
Bad Request: /
[31/Mar/2021 23:38:39] "GET / HTTP/1.1" 400 62078
[01/Apr/2021 00:02:11] code 400, message Bad request syntax ('\x02\x01\x00\x00\x00\x00\x00\x06build')
[01/Apr/2021 00:02:11] "     build" 400 -
[01/Apr/2021 00:02:11] code 400, message Bad request syntax ('\x02\x01\x00\x00\x00\x00\x00\x06build')
[01/Apr/2021 00:02:11] "     build" 400 -
[01/Apr/2021 02:26:12] code 400, message Bad HTTP/0.9 request type ('\x03\x00\x00/*√†\x00\x00\x00\x00\x00Cookie:')
[01/Apr/2021 02:26:12] "  /*√†     Cookie: mstshash=Administr" 400 -
[01/Apr/2021 04:08:37] code 400, message Bad HTTP/0.9 request type ('\x03\x00\x00/*√†\x00\x00\x00\x00\x00Cookie:')
[01/Apr/2021 04:08:37] "  /*√†     Cookie: mstshash=Administr" 400 -
[01/Apr/2021 05:52:21] code 400, message Bad HTTP/0.9 request type ('\x03\x00\x00/*√†\x00\x00\x00\x00\x00Cookie:')
[01/Apr/2021 05:52:21] "  /*√†     Cookie: mstshash=Administr" 400 -
[01/Apr/2021 05:58:54] code 400, message Bad HTTP/0.9 request type ('\x03\x00\x00/*√†\x00\x00\x00\x00\x00Cookie:')
[01/Apr/2021 05:58:54] "  /*√†     Cookie: mstshash=Administr" 400 -
[01/Apr/2021 06:06:24] code 400, message Bad HTTP/0.9 request type ('\x03\x00\x00/*√†\x00\x00\x00\x00\x00Cookie:')
[01/Apr/2021 06:06:24] "  /*√†     Cookie: mstshash=Administr" 400 -
Invalid HTTP_HOST header: '138.197.169.5:3000'. You may need to add '138.197.169.5' to ALLOWED_HOSTS.
Bad Request: /
[01/Apr/2021 16:20:24] "GET / HTTP/1.1" 400 62061
Invalid HTTP_HOST header: 'pc.joefurfaro.ca:3000'. You may need to add 'pc.joefurfaro.ca' to ALLOWED_HOSTS.
Bad Request: /
[01/Apr/2021 17:50:24] "HEAD / HTTP/1.0" 400 61323
Invalid HTTP_HOST header: '138.197.169.5:3000'. You may need to add '138.197.169.5' to ALLOWED_HOSTS.
Bad Request: /system_api.php
[01/Apr/2021 17:50:29] "GET /system_api.php HTTP/1.1" 400 62362
[01/Apr/2021 17:50:30] code 400, message Bad request version ("√êK\x9a:|\x9b√â.√ö=\x10√¶\x912w√¢}√ê√º,.*\x96a6¬§eoZ;m\x00V\x13\x02\x13\x03\x13\x01√Ä,√Ä0√Ä+√Ä/√å¬©√å¬®\x00\x9f\x00\x9e√å¬™√Ä¬Ø√Ä\xad√Ä¬Æ√Ä¬¨√Ä$√Ä(√Ä#√Ä'√Ä")
[01/Apr/2021 17:50:30] You're accessing the development server over HTTPS, but it only supports HTTP.

Invalid HTTP_HOST header: '138.197.169.5:3000'. You may need to add '138.197.169.5' to ALLOWED_HOSTS.
Bad Request: /system_api.php
[01/Apr/2021 17:50:33] "GET /system_api.php HTTP/1.1" 400 62362
[01/Apr/2021 17:50:34] code 400, message Bad request version ('Gx¬∑|')
[01/Apr/2021 17:50:34] You're accessing the development server over HTTPS, but it only supports HTTP.

Invalid HTTP_HOST header: '138.197.169.5:3000'. You may need to add '138.197.169.5' to ALLOWED_HOSTS.
Bad Request: /c/version.js
[01/Apr/2021 17:50:37] "GET /c/version.js HTTP/1.1" 400 62340
[01/Apr/2021 17:50:38] code 400, message Bad request version ("√∑\x88,J\x80√π>s\x89√üI√à√ó5√£\x00√é√Å%\x96√è%\x83a√£\x00V\x13\x02\x13\x03\x13\x01√Ä,√Ä0√Ä+√Ä/√å¬©√å¬®\x00\x9f\x00\x9e√å¬™√Ä¬Ø√Ä\xad√Ä¬Æ√Ä¬¨√Ä$√Ä(√Ä#√Ä'√Ä")
[01/Apr/2021 17:50:38] You're accessing the development server over HTTPS, but it only supports HTTP.

Invalid HTTP_HOST header: '138.197.169.5:3000'. You may need to add '138.197.169.5' to ALLOWED_HOSTS.
Bad Request: /streaming/clients_live.php
[01/Apr/2021 17:50:41] "GET /streaming/clients_live.php HTTP/1.1" 400 62494
[01/Apr/2021 17:50:42] code 400, message Bad request version ('B\x99`')
[01/Apr/2021 17:50:42] You're accessing the development server over HTTPS, but it only supports HTTP.

Invalid HTTP_HOST header: '138.197.169.5:3000'. You may need to add '138.197.169.5' to ALLOWED_HOSTS.
Bad Request: /stalker_portal/c/version.js
[01/Apr/2021 17:50:45] "GET /stalker_portal/c/version.js HTTP/1.1" 400 62505
[01/Apr/2021 17:50:46] code 400, message Bad request version ("dkoo\x01√ëB√ç√¨\x8fcO√ò√∫$\x00V\x13\x02\x13\x03\x13\x01√Ä,√Ä0√Ä+√Ä/√å¬©√å¬®\x00\x9f\x00\x9e√å¬™√Ä¬Ø√Ä\xad√Ä¬Æ√Ä¬¨√Ä$√Ä(√Ä#√Ä'√Ä")
[01/Apr/2021 17:50:46] You're accessing the development server over HTTPS, but it only supports HTTP.

Invalid HTTP_HOST header: '138.197.169.5:3000'. You may need to add '138.197.169.5' to ALLOWED_HOSTS.
Bad Request: /client_area/
[01/Apr/2021 17:50:49] "GET /client_area/ HTTP/1.1" 400 62340
[01/Apr/2021 17:50:50] code 400, message Bad request version ("\x00V\x13\x02\x13\x03\x13\x01√Ä,√Ä0√Ä+√Ä/√å¬©√å¬®\x00\x9f\x00\x9e√å¬™√Ä¬Ø√Ä\xad√Ä¬Æ√Ä¬¨√Ä$√Ä(√Ä#√Ä'√Ä")
[01/Apr/2021 17:50:50] You're accessing the development server over HTTPS, but it only supports HTTP.

Invalid HTTP_HOST header: '138.197.169.5:3000'. You may need to add '138.197.169.5' to ALLOWED_HOSTS.
Bad Request: /stalker_portal/c/
[01/Apr/2021 17:50:53] "GET /stalker_portal/c/ HTTP/1.1" 400 62395
[01/Apr/2021 17:50:54] code 400, message Bad request version ("_>√´\x17√ã}\x7f¬πo:√Æ√éJ\x9f¬≤\x97\x00V\x13\x02\x13\x03\x13\x01√Ä,√Ä0√Ä+√Ä/√å¬©√å¬®\x00\x9f\x00\x9e√å¬™√Ä¬Ø√Ä\xad√Ä¬Æ√Ä¬¨√Ä$√Ä(√Ä#√Ä'√Ä")
[01/Apr/2021 17:50:54] You're accessing the development server over HTTPS, but it only supports HTTP.

Invalid HTTP_HOST header: '138.197.169.5:3000'. You may need to add '138.197.169.5' to ALLOWED_HOSTS.
Bad Request: /stream/rtmp.php
[01/Apr/2021 17:50:57] "GET /stream/rtmp.php HTTP/1.1" 400 62373
[01/Apr/2021 17:50:58] code 400, message Bad request version ('"¬Ω¬£¬¥√ç\xad√ßIE\x08ox\x87\x96\x16√Ä¬ª\x8bO"z√∞√©√∫k\x05k15!\x83√ç\x00V\x13\x02\x13\x03\x13\x01√Ä,√Ä0√Ä+√Ä/√å¬©√å¬®\x00\x9f\x00\x9e√å¬™√Ä¬Ø√Ä\xad√Ä¬Æ√Ä¬¨√Ä$√Ä(√Ä#√Ä\'√Ä')
[01/Apr/2021 17:50:58] You're accessing the development server over HTTPS, but it only supports HTTP.

[01/Apr/2021 21:20:13] code 400, message Bad request syntax ('\x02\x01\x00\x00\x00\x00\x00\x06build')
[01/Apr/2021 21:20:13] "     build" 400 -
[01/Apr/2021 21:20:14] code 400, message Bad request syntax ('\x02\x01\x00\x00\x00\x00\x00\x06build')
[01/Apr/2021 21:20:14] "     build" 400 -
Invalid HTTP_HOST header: '138.197.169.5'. You may need to add '138.197.169.5' to ALLOWED_HOSTS.
Bad Request: /
[01/Apr/2021 23:46:07] "GET / HTTP/1.1" 400 61951
[02/Apr/2021 02:03:47] code 400, message Bad HTTP/0.9 request type ('\x03\x00\x00/*√†\x00\x00\x00\x00\x00Cookie:')
[02/Apr/2021 02:03:47] "  /*√†     Cookie: mstshash=Administr" 400 -
Invalid HTTP_HOST header: 'pc.joefurfaro.ca:3000'. You may need to add 'pc.joefurfaro.ca' to ALLOWED_HOSTS.
Bad Request: /
[02/Apr/2021 03:38:10] "GET / HTTP/1.0" 400 61660
[02/Apr/2021 04:08:25] code 400, message Bad HTTP/0.9 request type ('\x03\x00\x00/*√†\x00\x00\x00\x00\x00Cookie:')
[02/Apr/2021 04:08:25] "  /*√†     Cookie: mstshash=Administr" 400 -
[02/Apr/2021 12:17:54] code 400, message Bad request syntax ('\x02\x01\x00\x00\x00\x00\x00\x06build')
[02/Apr/2021 12:17:54] "     build" 400 -
[02/Apr/2021 12:17:54] code 400, message Bad request syntax ('\x02\x01\x00\x00\x00\x00\x00\x06build')
[02/Apr/2021 12:17:54] "     build" 400 -
Invalid HTTP_HOST header: '138.197.169.5'. You may need to add '138.197.169.5' to ALLOWED_HOSTS.
Bad Request: /
[02/Apr/2021 14:36:33] "GET / HTTP/1.1" 400 62077
[02/Apr/2021 20:10:29] code 400, message Bad HTTP/0.9 request type ('\x03\x00\x00/*√†\x00\x00\x00\x00\x00Cookie:')
[02/Apr/2021 20:10:29] "  /*√†     Cookie: mstshash=Administr" 400 -
Invalid HTTP_HOST header: '138.197.169.5:3000'. You may need to add '138.197.169.5' to ALLOWED_HOSTS.
Bad Request: /
[03/Apr/2021 02:02:34] "GET / HTTP/1.1" 400 62080
[03/Apr/2021 02:24:20] code 400, message Bad HTTP/0.9 request type ('\x03\x00\x00/*√†\x00\x00\x00\x00\x00Cookie:')
[03/Apr/2021 02:24:20] "  /*√†     Cookie: mstshash=Administr" 400 -
[03/Apr/2021 05:00:04] code 400, message Bad request syntax ('\x02\x01\x00\x00\x00\x00\x00\x06build')
[03/Apr/2021 05:00:04] "     build" 400 -
[03/Apr/2021 05:00:04] code 400, message Bad request syntax ('\x02\x01\x00\x00\x00\x00\x00\x06build')
[03/Apr/2021 05:00:04] "     build" 400 -
[03/Apr/2021 06:16:20] code 400, message Bad HTTP/0.9 request type ('\x03\x00\x00/*√†\x00\x00\x00\x00\x00Cookie:')
[03/Apr/2021 06:16:20] "  /*√†     Cookie: mstshash=Administr" 400 -
Invalid HTTP_HOST header: '138.197.169.5:3000'. You may need to add '138.197.169.5' to ALLOWED_HOSTS.
Bad Request: /
[03/Apr/2021 06:25:44] "GET / HTTP/1.1" 400 61820
Invalid HTTP_HOST header: '138.197.169.5:3000'. You may need to add '138.197.169.5' to ALLOWED_HOSTS.
Bad Request: /
[03/Apr/2021 10:33:53] "GET / HTTP/1.1" 400 61413
Not Found: /
[03/Apr/2021 11:09:15] "GET / HTTP/1.1" 404 2252
----------------------------------------
Exception happened during processing of request from ('94.232.41.116', 28854)
Traceback (most recent call last):
  File "/home/joe/anaconda3/envs/django/lib/python3.8/socketserver.py", line 650, in process_request_thread
    self.finish_request(request, client_address)
  File "/home/joe/anaconda3/envs/django/lib/python3.8/socketserver.py", line 360, in finish_request
    self.RequestHandlerClass(request, client_address, self)
  File "/home/joe/anaconda3/envs/django/lib/python3.8/socketserver.py", line 720, in __init__
    self.handle()
  File "/home/joe/anaconda3/envs/django/lib/python3.8/site-packages/django/core/servers/basehttp.py", line 172, in handle
    self.handle_one_request()
  File "/home/joe/anaconda3/envs/django/lib/python3.8/site-packages/django/core/servers/basehttp.py", line 182, in handle_one_request
    self.raw_requestline = self.rfile.readline(65537)
  File "/home/joe/anaconda3/envs/django/lib/python3.8/socket.py", line 669, in readinto
    return self._sock.recv_into(b)
ConnectionResetError: [Errno 104] Connection reset by peer
----------------------------------------
[03/Apr/2021 12:55:48] code 400, message Bad HTTP/0.9 request type ('\x03\x00\x00/*√†\x00\x00\x00\x00\x00Cookie:')
[03/Apr/2021 12:55:48] "  /*√†     Cookie: mstshash=Administr" 400 -
[03/Apr/2021 12:55:48] code 400, message Bad HTTP/0.9 request type ('\x03\x00\x00/*√†\x00\x00\x00\x00\x00Cookie:')
[03/Apr/2021 12:55:48] "  /*√†     Cookie: mstshash=Administr" 400 -
[03/Apr/2021 13:14:05] code 400, message Bad HTTP/0.9 request type ('\x03\x00\x00/*√†\x00\x00\x00\x00\x00Cookie:')
[03/Apr/2021 13:14:05] "  /*√†     Cookie: mstshash=Administr" 400 -
[03/Apr/2021 19:09:26] code 400, message Bad request syntax ('\x02\x01\x00\x00\x00\x00\x00\x06build')
[03/Apr/2021 19:09:26] "     build" 400 -
[03/Apr/2021 19:09:26] code 400, message Bad request syntax ('\x02\x01\x00\x00\x00\x00\x00\x06build')
[03/Apr/2021 19:09:26] "     build" 400 -
